<?xml version="1.0" encoding="UTF-8"?>
<!-- Generated by org.testng.reporters.JUnitReportReporter -->
<testsuite hostname="IRIS-CSG-3228" failures="0" tests="2" name="com.base.test.TestFirst" time="37.945" errors="0" timestamp="2020-12-10T00:30:16 PST" skipped="0">
  <testcase classname="com.base.test.TestFirst" name="firstTest" time="19.172"/>
  <system-out/>
  <testcase classname="com.base.test.TestFirst" name="firstTest" time="18.773"/>
  <system-out/>
</testsuite> <!-- com.base.test.TestFirst -->
